<?xml version="1.0" encoding="UTF-8"?>
<testsuite xmlns:xsi="http://www.w3.org/2001/XMLSchema-instance" xsi:noNamespaceSchemaLocation="https://maven.apache.org/surefire/maven-surefire-plugin/xsd/surefire-test-report-3.0.xsd" version="3.0" name="support.RunCucumberTest" time="15.189" tests="7" errors="0" skipped="0" failures="0">
  <properties>
[...]
</properties>
  <testcase name="Login exitoso con usuario válido" classname="Compra de productos en Sauce Demo" time="5.034">
    <system-out><![CDATA[
Scenario: Login exitoso con usuario v찼lido                               &amp#27;[90m# src/test/java/features/compra.feature:6&amp#27;[0m
  &amp#27;[32mGiven &amp#27;[0m&amp#27;[32mque el usuario navega a la p찼gina de login&amp#27;[0m                       &amp#27;[90m# steps.CompraSteps.que_el_usuario_navega_a_la_p찼gina_de_login()&amp#27;[0m
  &amp#27;[32mWhen &amp#27;[0m&amp#27;[32mingresa el usuario &amp#27;[0m&amp#27;[32m&amp#27;[1m"standard_user"&amp#27;[0m&amp#27;[32m y la contrase챰a &amp#27;[0m&amp#27;[32m&amp#27;[1m"secret_sauce"&amp#27;[0m &amp#27;[90m# steps.CompraSteps.ingresa_el_usuario_y_la_contrase챰a(java.lang.String,java.lang.String)&amp#27;[0m
  &amp#27;[32mAnd &amp#27;[0m&amp#27;[32mhace clic en el bot처n de login&amp#27;[0m                                     &amp#27;[90m# steps.CompraSteps.hace_clic_en_el_boton_de_login()&amp#27;[0m
  &amp#27;[32mThen &amp#27;[0m&amp#27;[32mdeber챠a ver la p찼gina de productos&amp#27;[0m                                &amp#27;[90m# steps.CompraSteps.deberia_ver_la_pagina_de_productos()&amp#27;[0m
]]></system-out>
  </testcase>
  <testcase name="Login fallido con usuario bloqueado" classname="Compra de productos en Sauce Demo" time="1.478">
    <system-out><![CDATA[
Scenario: Login fallido con usuario bloqueado                              &amp#27;[90m# src/test/java/features/compra.feature:12&amp#27;[0m
  &amp#27;[32mGiven &amp#27;[0m&amp#27;[32mque el usuario navega a la p찼gina de login&amp#27;[0m                         &amp#27;[90m# steps.CompraSteps.que_el_usuario_navega_a_la_p찼gina_de_login()&amp#27;[0m
  &amp#27;[32mWhen &amp#27;[0m&amp#27;[32mingresa el usuario &amp#27;[0m&amp#27;[32m&amp#27;[1m"locked_out_user"&amp#27;[0m&amp#27;[32m y la contrase챰a &amp#27;[0m&amp#27;[32m&amp#27;[1m"secret_sauce"&amp#27;[0m &amp#27;[90m# steps.CompraSteps.ingresa_el_usuario_y_la_contrase챰a(java.lang.String,java.lang.String)&amp#27;[0m
  &amp#27;[32mAnd &amp#27;[0m&amp#27;[32mhace clic en el bot처n de login&amp#27;[0m                                       &amp#27;[90m# steps.CompraSteps.hace_clic_en_el_boton_de_login()&amp#27;[0m
  &amp#27;[32mThen &amp#27;[0m&amp#27;[32mdeber챠a ver un mensaje de error de acceso&amp#27;[0m                           &amp#27;[90m# steps.CompraSteps.deberia_ver_un_mensaje_de_error_de_acceso()&amp#27;[0m
]]></system-out>
  </testcase>
  <testcase name="Agregar producto al carrito" classname="Compra de productos en Sauce Demo" time="1.553">
    <system-out><![CDATA[
Scenario: Agregar producto al carrito                          &amp#27;[90m# src/test/java/features/compra.feature:18&amp#27;[0m
  &amp#27;[32mGiven &amp#27;[0m&amp#27;[32mque el usuario ha iniciado sesi처n como &amp#27;[0m&amp#27;[32m&amp#27;[1m"standard_user"&amp#27;[0m &amp#27;[90m# steps.CompraSteps.que_el_usuario_ha_iniciado_sesion_como(java.lang.String)&amp#27;[0m
  &amp#27;[32mWhen &amp#27;[0m&amp#27;[32magrega el producto &amp#27;[0m&amp#27;[32m&amp#27;[1m"Sauce Labs Backpack"&amp#27;[0m&amp#27;[32m al carrito&amp#27;[0m     &amp#27;[90m# steps.CompraSteps.agrega_el_producto_al_carrito(java.lang.String)&amp#27;[0m
  &amp#27;[32mThen &amp#27;[0m&amp#27;[32mel carrito debe mostrar &amp#27;[0m&amp#27;[32m&amp#27;[1m1&amp#27;[0m&amp#27;[32m producto&amp#27;[0m                      &amp#27;[90m# steps.CompraSteps.el_carrito_debe_mostrar_producto(int)&amp#27;[0m
]]></system-out>
  </testcase>
  <testcase name="Visualizar productos en el carrito" classname="Compra de productos en Sauce Demo" time="1.59">
    <system-out><![CDATA[
Scenario: Visualizar productos en el carrito                                             &amp#27;[90m# src/test/java/features/compra.feature:23&amp#27;[0m
  &amp#27;[32mGiven &amp#27;[0m&amp#27;[32mque el usuario ha iniciado sesi처n y ha agregado &amp#27;[0m&amp#27;[32m&amp#27;[1m"Sauce Labs Backpack"&amp#27;[0m&amp#27;[32m al carrito&amp#27;[0m &amp#27;[90m# steps.CompraSteps.que_el_usuario_ha_iniciado_sesion_y_ha_agregado_al_carrito(java.lang.String)&amp#27;[0m
  &amp#27;[32mWhen &amp#27;[0m&amp#27;[32mnavega al carrito de compras&amp#27;[0m                                                      &amp#27;[90m# steps.CompraSteps.navega_al_carrito_de_compras()&amp#27;[0m
  &amp#27;[32mThen &amp#27;[0m&amp#27;[32mdeber챠a ver el producto &amp#27;[0m&amp#27;[32m&amp#27;[1m"Sauce Labs Backpack"&amp#27;[0m&amp#27;[32m en el carrito&amp#27;[0m                       &amp#27;[90m# steps.CompraSteps.deberia_ver_el_producto_en_el_carrito(java.lang.String)&amp#27;[0m
]]></system-out>
  </testcase>
  <testcase name="Completar proceso de compra" classname="Compra de productos en Sauce Demo" time="1.771">
    <system-out><![CDATA[
Scenario: Completar proceso de compra                                                                            &amp#27;[90m# src/test/java/features/compra.feature:28&amp#27;[0m
  &amp#27;[32mGiven &amp#27;[0m&amp#27;[32mque el usuario ha iniciado sesi처n y ha agregado &amp#27;[0m&amp#27;[32m&amp#27;[1m"Sauce Labs Backpack"&amp#27;[0m&amp#27;[32m al carrito&amp#27;[0m                         &amp#27;[90m# steps.CompraSteps.que_el_usuario_ha_iniciado_sesion_y_ha_agregado_al_carrito(java.lang.String)&amp#27;[0m
  &amp#27;[32mWhen &amp#27;[0m&amp#27;[32mnavega al carrito y completa el proceso de compra con nombre &amp#27;[0m&amp#27;[32m&amp#27;[1m"QA"&amp#27;[0m&amp#27;[32m apellido &amp#27;[0m&amp#27;[32m&amp#27;[1m"Test"&amp#27;[0m&amp#27;[32m y c처digo postal &amp#27;[0m&amp#27;[32m&amp#27;[1m"12345"&amp#27;[0m &amp#27;[90m# steps.CompraSteps.navega_al_carrito_y_completa_el_proceso_de_compra_con_nombre_apellido_y_codigo_postal(java.lang.String,java.lang.String,java.lang.String)&amp#27;[0m
  &amp#27;[32mThen &amp#27;[0m&amp#27;[32mdeber챠a ver la confirmaci처n de la compra&amp#27;[0m                                                                  &amp#27;[90m# steps.CompraSteps.deberia_ver_la_confirmacion_de_la_compra()&amp#27;[0m
]]></system-out>
  </testcase>
  <testcase name="Eliminar producto del carrito" classname="Compra de productos en Sauce Demo" time="1.583">
    <system-out><![CDATA[
Scenario: Eliminar producto del carrito                                                  &amp#27;[90m# src/test/java/features/compra.feature:33&amp#27;[0m
  &amp#27;[32mGiven &amp#27;[0m&amp#27;[32mque el usuario ha iniciado sesi처n y ha agregado &amp#27;[0m&amp#27;[32m&amp#27;[1m"Sauce Labs Backpack"&amp#27;[0m&amp#27;[32m al carrito&amp#27;[0m &amp#27;[90m# steps.CompraSteps.que_el_usuario_ha_iniciado_sesion_y_ha_agregado_al_carrito(java.lang.String)&amp#27;[0m
  &amp#27;[32mWhen &amp#27;[0m&amp#27;[32mnavega al carrito de compras&amp#27;[0m                                                      &amp#27;[90m# steps.CompraSteps.navega_al_carrito_de_compras()&amp#27;[0m
  &amp#27;[32mAnd &amp#27;[0m&amp#27;[32melimina el producto &amp#27;[0m&amp#27;[32m&amp#27;[1m"Sauce Labs Backpack"&amp#27;[0m&amp#27;[32m del carrito&amp#27;[0m                              &amp#27;[90m# steps.CompraSteps.elimina_el_producto_del_carrito(java.lang.String)&amp#27;[0m
  &amp#27;[32mThen &amp#27;[0m&amp#27;[32mel carrito debe estar vac챠o&amp#27;[0m                                                       &amp#27;[90m# steps.CompraSteps.el_carrito_debe_estar_vacio()&amp#27;[0m
]]></system-out>
  </testcase>
  <testcase name="Checkout con campos vacíos" classname="Compra de productos en Sauce Demo" time="1.549">
    <system-out><![CDATA[
Scenario: Checkout con campos vac챠os                                                     &amp#27;[90m# src/test/java/features/compra.feature:39&amp#27;[0m
  &amp#27;[32mGiven &amp#27;[0m&amp#27;[32mque el usuario ha iniciado sesi처n y ha agregado &amp#27;[0m&amp#27;[32m&amp#27;[1m"Sauce Labs Backpack"&amp#27;[0m&amp#27;[32m al carrito&amp#27;[0m &amp#27;[90m# steps.CompraSteps.que_el_usuario_ha_iniciado_sesion_y_ha_agregado_al_carrito(java.lang.String)&amp#27;[0m
  &amp#27;[32mWhen &amp#27;[0m&amp#27;[32mnavega al carrito de compras&amp#27;[0m                                                      &amp#27;[90m# steps.CompraSteps.navega_al_carrito_de_compras()&amp#27;[0m
  &amp#27;[32mAnd &amp#27;[0m&amp#27;[32mhace clic en Checkout&amp#27;[0m                                                              &amp#27;[90m# steps.CompraSteps.hace_clic_en_checkout()&amp#27;[0m
  &amp#27;[32mAnd &amp#27;[0m&amp#27;[32mdeja los campos vac챠os y contin첬a&amp#27;[0m                                                  &amp#27;[90m# steps.CompraSteps.deja_los_campos_vacios_y_continua()&amp#27;[0m
  &amp#27;[32mThen &amp#27;[0m&amp#27;[32mdeber챠a ver un mensaje de error de campos obligatorios&amp#27;[0m                            &amp#27;[90m# steps.CompraSteps.deberia_ver_un_mensaje_de_error_de_campos_obligatorios()&amp#27;[0m
]]></system-out>
  </testcase>
</testsuite>